<?xml version="1.0" encoding="UTF-8"?>
<coverage generated="1562152611659" clover="3.2.0">
  <project timestamp="1562152611659" name="All files">
    <metrics statements="74" coveredstatements="32" conditionals="18" coveredconditionals="4" methods="30" coveredmethods="7" elements="122" coveredelements="43" complexity="0" loc="74" ncloc="74" packages="1" files="4" classes="4"/>
    <file name="index.js" path="/Users/yagnesh.modh/Projects/opus_training/src/Todo/index.js">
      <metrics statements="58" coveredstatements="24" conditionals="6" coveredconditionals="4" methods="21" coveredmethods="6"/>
      <line num="8" count="7" type="stmt"/>
      <line num="9" count="7" type="stmt"/>
      <line num="19" count="7" type="stmt"/>
      <line num="22" count="7" type="stmt"/>
      <line num="23" count="7" type="stmt"/>
      <line num="24" count="7" type="stmt"/>
      <line num="25" count="0" type="stmt"/>
      <line num="26" count="0" type="stmt"/>
      <line num="28" count="7" type="stmt"/>
      <line num="32" count="7" type="stmt"/>
      <line num="33" count="0" type="stmt"/>
      <line num="34" count="0" type="stmt"/>
      <line num="43" count="0" type="stmt"/>
      <line num="44" count="0" type="stmt"/>
      <line num="50" count="0" type="stmt"/>
      <line num="54" count="7" type="stmt"/>
      <line num="55" count="0" type="stmt"/>
      <line num="56" count="0" type="stmt"/>
      <line num="64" count="0" type="stmt"/>
      <line num="65" count="0" type="stmt"/>
      <line num="66" count="0" type="stmt"/>
      <line num="67" count="0" type="stmt"/>
      <line num="71" count="0" type="stmt"/>
      <line num="75" count="7" type="stmt"/>
      <line num="76" count="0" type="stmt"/>
      <line num="77" count="0" type="stmt"/>
      <line num="80" count="0" type="stmt"/>
      <line num="81" count="0" type="stmt"/>
      <line num="84" count="0" type="stmt"/>
      <line num="88" count="7" type="stmt"/>
      <line num="89" count="0" type="stmt"/>
      <line num="94" count="7" type="stmt"/>
      <line num="95" count="0" type="stmt"/>
      <line num="98" count="7" type="stmt"/>
      <line num="99" count="0" type="stmt"/>
      <line num="100" count="0" type="stmt"/>
      <line num="101" count="0" type="stmt"/>
      <line num="107" count="7" type="stmt"/>
      <line num="108" count="0" type="stmt"/>
      <line num="111" count="7" type="stmt"/>
      <line num="112" count="0" type="stmt"/>
      <line num="115" count="7" type="stmt"/>
      <line num="116" count="0" type="stmt"/>
      <line num="117" count="0" type="stmt"/>
      <line num="122" count="7" type="stmt"/>
      <line num="123" count="0" type="stmt"/>
      <line num="124" count="0" type="stmt"/>
      <line num="125" count="0" type="stmt"/>
      <line num="129" count="17" type="stmt"/>
      <line num="131" count="17" type="stmt"/>
      <line num="132" count="1" type="cond" truecount="1" falsecount="1"/>
      <line num="133" count="0" type="stmt"/>
      <line num="135" count="1" type="cond" truecount="1" falsecount="1"/>
      <line num="136" count="0" type="stmt"/>
      <line num="138" count="1" type="stmt"/>
      <line num="141" count="17" type="stmt"/>
      <line num="165" count="1" type="stmt"/>
      <line num="178" count="0" type="stmt"/>
    </file>
    <file name="todoForm.js" path="/Users/yagnesh.modh/Projects/opus_training/src/Todo/todoForm.js">
      <metrics statements="3" coveredstatements="3" conditionals="0" coveredconditionals="0" methods="1" coveredmethods="1"/>
      <line num="4" count="2" type="stmt"/>
      <line num="5" count="4" type="stmt"/>
      <line num="19" count="2" type="stmt"/>
    </file>
    <file name="todoList.js" path="/Users/yagnesh.modh/Projects/opus_training/src/Todo/todoList.js">
      <metrics statements="7" coveredstatements="3" conditionals="6" coveredconditionals="0" methods="4" coveredmethods="0"/>
      <line num="4" count="1" type="stmt"/>
      <line num="13" count="0" type="stmt"/>
      <line num="22" count="0" type="stmt"/>
      <line num="40" count="0" type="stmt"/>
      <line num="44" count="0" type="stmt"/>
      <line num="51" count="1" type="stmt"/>
      <line num="68" count="1" type="stmt"/>
    </file>
    <file name="todoStatus.js" path="/Users/yagnesh.modh/Projects/opus_training/src/Todo/todoStatus.js">
      <metrics statements="6" coveredstatements="2" conditionals="6" coveredconditionals="0" methods="4" coveredmethods="0"/>
      <line num="4" count="1" type="stmt"/>
      <line num="5" count="0" type="stmt"/>
      <line num="11" count="0" type="stmt"/>
      <line num="20" count="0" type="stmt"/>
      <line num="29" count="0" type="stmt"/>
      <line num="38" count="1" type="stmt"/>
    </file>
  </project>
</coverage>
