{"/Users/yagnesh.modh/Projects/opus_training/src/Todo/index.js": {"path":"/Users/yagnesh.modh/Projects/opus_training/src/Todo/index.js","statementMap":{"0":{"start":{"line":8,"column":4},"end":{"line":8,"column":17}},"1":{"start":{"line":9,"column":4},"end":{"line":15,"column":6}},"2":{"start":{"line":19,"column":4},"end":{"line":19,"column":20}},"3":{"start":{"line":22,"column":13},"end":{"line":30,"column":3}},"4":{"start":{"line":23,"column":4},"end":{"line":29,"column":5}},"5":{"start":{"line":24,"column":18},"end":{"line":24,"column":63}},"6":{"start":{"line":25,"column":23},"end":{"line":25,"column":39}},"7":{"start":{"line":26,"column":6},"end":{"line":26,"column":34}},"8":{"start":{"line":28,"column":6},"end":{"line":28,"column":31}},"9":{"start":{"line":32,"column":12},"end":{"line":52,"column":3}},"10":{"start":{"line":33,"column":4},"end":{"line":51,"column":5}},"11":{"start":{"line":34,"column":18},"end":{"line":41,"column":8}},"12":{"start":{"line":43,"column":23},"end":{"line":43,"column":39}},"13":{"start":{"line":44,"column":6},"end":{"line":48,"column":10}},"14":{"start":{"line":44,"column":39},"end":{"line":48,"column":7}},"15":{"start":{"line":50,"column":6},"end":{"line":50,"column":31}},"16":{"start":{"line":54,"column":15},"end":{"line":73,"column":3}},"17":{"start":{"line":55,"column":4},"end":{"line":72,"column":5}},"18":{"start":{"line":56,"column":18},"end":{"line":63,"column":8}},"19":{"start":{"line":64,"column":26},"end":{"line":64,"column":42}},"20":{"start":{"line":65,"column":27},"end":{"line":65,"column":37}},"21":{"start":{"line":66,"column":20},"end":{"line":66,"column":61}},"22":{"start":{"line":66,"column":44},"end":{"line":66,"column":60}},"23":{"start":{"line":67,"column":6},"end":{"line":69,"column":9}},"24":{"start":{"line":71,"column":6},"end":{"line":71,"column":31}},"25":{"start":{"line":75,"column":15},"end":{"line":86,"column":3}},"26":{"start":{"line":76,"column":4},"end":{"line":85,"column":5}},"27":{"start":{"line":77,"column":6},"end":{"line":79,"column":9}},"28":{"start":{"line":80,"column":6},"end":{"line":82,"column":10}},"29":{"start":{"line":80,"column":39},"end":{"line":82,"column":7}},"30":{"start":{"line":81,"column":39},"end":{"line":81,"column":55}},"31":{"start":{"line":84,"column":6},"end":{"line":84,"column":31}},"32":{"start":{"line":88,"column":15},"end":{"line":92,"column":3}},"33":{"start":{"line":89,"column":4},"end":{"line":91,"column":7}},"34":{"start":{"line":94,"column":15},"end":{"line":96,"column":3}},"35":{"start":{"line":95,"column":4},"end":{"line":95,"column":52}},"36":{"start":{"line":98,"column":12},"end":{"line":105,"column":3}},"37":{"start":{"line":99,"column":4},"end":{"line":99,"column":27}},"38":{"start":{"line":100,"column":25},"end":{"line":100,"column":35}},"39":{"start":{"line":101,"column":4},"end":{"line":104,"column":7}},"40":{"start":{"line":107,"column":13},"end":{"line":109,"column":3}},"41":{"start":{"line":108,"column":4},"end":{"line":108,"column":55}},"42":{"start":{"line":111,"column":15},"end":{"line":113,"column":3}},"43":{"start":{"line":112,"column":4},"end":{"line":112,"column":26}},"44":{"start":{"line":115,"column":15},"end":{"line":120,"column":3}},"45":{"start":{"line":116,"column":29},"end":{"line":116,"column":39}},"46":{"start":{"line":117,"column":4},"end":{"line":119,"column":7}},"47":{"start":{"line":122,"column":19},"end":{"line":126,"column":3}},"48":{"start":{"line":123,"column":29},"end":{"line":123,"column":39}},"49":{"start":{"line":124,"column":4},"end":{"line":124,"column":34}},"50":{"start":{"line":125,"column":4},"end":{"line":125,"column":42}},"51":{"start":{"line":129,"column":64},"end":{"line":129,"column":74}},"52":{"start":{"line":131,"column":25},"end":{"line":139,"column":6}},"53":{"start":{"line":132,"column":6},"end":{"line":134,"column":7}},"54":{"start":{"line":133,"column":8},"end":{"line":133,"column":28}},"55":{"start":{"line":135,"column":6},"end":{"line":137,"column":7}},"56":{"start":{"line":136,"column":8},"end":{"line":136,"column":27}},"57":{"start":{"line":138,"column":6},"end":{"line":138,"column":18}},"58":{"start":{"line":141,"column":4},"end":{"line":182,"column":6}},"59":{"start":{"line":165,"column":12},"end":{"line":174,"column":14}},"60":{"start":{"line":178,"column":38},"end":{"line":178,"column":75}}},"fnMap":{"0":{"name":"(anonymous_0)","decl":{"start":{"line":7,"column":2},"end":{"line":7,"column":3}},"loc":{"start":{"line":7,"column":21},"end":{"line":16,"column":3}},"line":7},"1":{"name":"(anonymous_1)","decl":{"start":{"line":18,"column":2},"end":{"line":18,"column":3}},"loc":{"start":{"line":18,"column":22},"end":{"line":20,"column":3}},"line":18},"2":{"name":"(anonymous_2)","decl":{"start":{"line":22,"column":13},"end":{"line":22,"column":14}},"loc":{"start":{"line":22,"column":25},"end":{"line":30,"column":3}},"line":22},"3":{"name":"(anonymous_3)","decl":{"start":{"line":32,"column":12},"end":{"line":32,"column":13}},"loc":{"start":{"line":32,"column":26},"end":{"line":52,"column":3}},"line":32},"4":{"name":"(anonymous_4)","decl":{"start":{"line":44,"column":20},"end":{"line":44,"column":21}},"loc":{"start":{"line":44,"column":39},"end":{"line":48,"column":7}},"line":44},"5":{"name":"(anonymous_5)","decl":{"start":{"line":54,"column":15},"end":{"line":54,"column":16}},"loc":{"start":{"line":54,"column":29},"end":{"line":73,"column":3}},"line":54},"6":{"name":"(anonymous_6)","decl":{"start":{"line":66,"column":39},"end":{"line":66,"column":40}},"loc":{"start":{"line":66,"column":44},"end":{"line":66,"column":60}},"line":66},"7":{"name":"(anonymous_7)","decl":{"start":{"line":75,"column":15},"end":{"line":75,"column":16}},"loc":{"start":{"line":75,"column":29},"end":{"line":86,"column":3}},"line":75},"8":{"name":"(anonymous_8)","decl":{"start":{"line":80,"column":20},"end":{"line":80,"column":21}},"loc":{"start":{"line":80,"column":39},"end":{"line":82,"column":7}},"line":80},"9":{"name":"(anonymous_9)","decl":{"start":{"line":81,"column":34},"end":{"line":81,"column":35}},"loc":{"start":{"line":81,"column":39},"end":{"line":81,"column":55}},"line":81},"10":{"name":"(anonymous_10)","decl":{"start":{"line":88,"column":15},"end":{"line":88,"column":16}},"loc":{"start":{"line":88,"column":23},"end":{"line":92,"column":3}},"line":88},"11":{"name":"(anonymous_11)","decl":{"start":{"line":94,"column":15},"end":{"line":94,"column":16}},"loc":{"start":{"line":94,"column":24},"end":{"line":96,"column":3}},"line":94},"12":{"name":"(anonymous_12)","decl":{"start":{"line":98,"column":12},"end":{"line":98,"column":13}},"loc":{"start":{"line":98,"column":21},"end":{"line":105,"column":3}},"line":98},"13":{"name":"(anonymous_13)","decl":{"start":{"line":107,"column":13},"end":{"line":107,"column":14}},"loc":{"start":{"line":107,"column":21},"end":{"line":109,"column":3}},"line":107},"14":{"name":"(anonymous_14)","decl":{"start":{"line":111,"column":15},"end":{"line":111,"column":16}},"loc":{"start":{"line":111,"column":23},"end":{"line":113,"column":3}},"line":111},"15":{"name":"(anonymous_15)","decl":{"start":{"line":115,"column":15},"end":{"line":115,"column":16}},"loc":{"start":{"line":115,"column":24},"end":{"line":120,"column":3}},"line":115},"16":{"name":"(anonymous_16)","decl":{"start":{"line":122,"column":19},"end":{"line":122,"column":20}},"loc":{"start":{"line":122,"column":25},"end":{"line":126,"column":3}},"line":122},"17":{"name":"(anonymous_17)","decl":{"start":{"line":128,"column":2},"end":{"line":128,"column":3}},"loc":{"start":{"line":128,"column":11},"end":{"line":183,"column":3}},"line":128},"18":{"name":"(anonymous_18)","decl":{"start":{"line":131,"column":41},"end":{"line":131,"column":42}},"loc":{"start":{"line":131,"column":49},"end":{"line":139,"column":5}},"line":131},"19":{"name":"(anonymous_19)","decl":{"start":{"line":164,"column":28},"end":{"line":164,"column":29}},"loc":{"start":{"line":165,"column":12},"end":{"line":174,"column":14}},"line":165},"20":{"name":"(anonymous_20)","decl":{"start":{"line":178,"column":24},"end":{"line":178,"column":25}},"loc":{"start":{"line":178,"column":38},"end":{"line":178,"column":75}},"line":178}},"branchMap":{"0":{"loc":{"start":{"line":132,"column":6},"end":{"line":134,"column":7}},"type":"if","locations":[{"start":{"line":132,"column":6},"end":{"line":134,"column":7}},{"start":{"line":132,"column":6},"end":{"line":134,"column":7}}],"line":132},"1":{"loc":{"start":{"line":135,"column":6},"end":{"line":137,"column":7}},"type":"if","locations":[{"start":{"line":135,"column":6},"end":{"line":137,"column":7}},{"start":{"line":135,"column":6},"end":{"line":137,"column":7}}],"line":135},"2":{"loc":{"start":{"line":160,"column":11},"end":{"line":160,"column":42}},"type":"binary-expr","locations":[{"start":{"line":160,"column":11},"end":{"line":160,"column":16}},{"start":{"line":160,"column":20},"end":{"line":160,"column":42}}],"line":160}},"s":{"0":7,"1":7,"2":7,"3":7,"4":7,"5":7,"6":0,"7":0,"8":7,"9":7,"10":0,"11":0,"12":0,"13":0,"14":0,"15":0,"16":7,"17":0,"18":0,"19":0,"20":0,"21":0,"22":0,"23":0,"24":0,"25":7,"26":0,"27":0,"28":0,"29":0,"30":0,"31":0,"32":7,"33":0,"34":7,"35":0,"36":7,"37":0,"38":0,"39":0,"40":7,"41":0,"42":7,"43":0,"44":7,"45":0,"46":0,"47":7,"48":0,"49":0,"50":0,"51":17,"52":17,"53":1,"54":0,"55":1,"56":0,"57":1,"58":17,"59":1,"60":0},"f":{"0":7,"1":7,"2":7,"3":0,"4":0,"5":0,"6":0,"7":0,"8":0,"9":0,"10":0,"11":0,"12":0,"13":0,"14":0,"15":0,"16":0,"17":17,"18":1,"19":1,"20":0},"b":{"0":[0,1],"1":[0,1],"2":[17,9]},"_coverageSchema":"43e27e138ebf9cfc5966b082cf9a028302ed4184","hash":"de9653a5a6cd5372e123d359765820daa973a2ca"}
,"/Users/yagnesh.modh/Projects/opus_training/src/Todo/todoForm.js": {"path":"/Users/yagnesh.modh/Projects/opus_training/src/Todo/todoForm.js","statementMap":{"0":{"start":{"line":4,"column":17},"end":{"line":17,"column":1}},"1":{"start":{"line":5,"column":2},"end":{"line":16,"column":4}},"2":{"start":{"line":19,"column":0},"end":{"line":23,"column":2}}},"fnMap":{"0":{"name":"(anonymous_0)","decl":{"start":{"line":4,"column":17},"end":{"line":4,"column":18}},"loc":{"start":{"line":4,"column":56},"end":{"line":17,"column":1}},"line":4}},"branchMap":{},"s":{"0":2,"1":4,"2":2},"f":{"0":4},"b":{},"_coverageSchema":"43e27e138ebf9cfc5966b082cf9a028302ed4184","hash":"1864d62da1363c54d4ab4cddb883b4a16a9a4c25"}
,"/Users/yagnesh.modh/Projects/opus_training/src/Todo/todoList.js": {"path":"/Users/yagnesh.modh/Projects/opus_training/src/Todo/todoList.js","statementMap":{"0":{"start":{"line":4,"column":17},"end":{"line":49,"column":1}},"1":{"start":{"line":13,"column":2},"end":{"line":48,"column":4}},"2":{"start":{"line":22,"column":71},"end":{"line":22,"column":89}},"3":{"start":{"line":40,"column":43},"end":{"line":40,"column":63}},"4":{"start":{"line":44,"column":43},"end":{"line":44,"column":63}},"5":{"start":{"line":51,"column":0},"end":{"line":66,"column":2}},"6":{"start":{"line":68,"column":0},"end":{"line":70,"column":2}}},"fnMap":{"0":{"name":"(anonymous_0)","decl":{"start":{"line":4,"column":17},"end":{"line":4,"column":18}},"loc":{"start":{"line":12,"column":6},"end":{"line":49,"column":1}},"line":12},"1":{"name":"(anonymous_1)","decl":{"start":{"line":22,"column":65},"end":{"line":22,"column":66}},"loc":{"start":{"line":22,"column":71},"end":{"line":22,"column":89}},"line":22},"2":{"name":"(anonymous_2)","decl":{"start":{"line":40,"column":37},"end":{"line":40,"column":38}},"loc":{"start":{"line":40,"column":43},"end":{"line":40,"column":63}},"line":40},"3":{"name":"(anonymous_3)","decl":{"start":{"line":44,"column":37},"end":{"line":44,"column":38}},"loc":{"start":{"line":44,"column":43},"end":{"line":44,"column":63}},"line":44}},"branchMap":{"0":{"loc":{"start":{"line":23,"column":7},"end":{"line":39,"column":7}},"type":"cond-expr","locations":[{"start":{"line":24,"column":8},"end":{"line":29,"column":10}},{"start":{"line":31,"column":8},"end":{"line":38,"column":15}}],"line":23},"1":{"loc":{"start":{"line":23,"column":7},"end":{"line":23,"column":54}},"type":"binary-expr","locations":[{"start":{"line":23,"column":7},"end":{"line":23,"column":19}},{"start":{"line":23,"column":23},"end":{"line":23,"column":54}}],"line":23},"2":{"loc":{"start":{"line":33,"column":28},"end":{"line":33,"column":69}},"type":"cond-expr","locations":[{"start":{"line":33,"column":46},"end":{"line":33,"column":60}},{"start":{"line":33,"column":63},"end":{"line":33,"column":69}}],"line":33}},"s":{"0":1,"1":0,"2":0,"3":0,"4":0,"5":1,"6":1},"f":{"0":0,"1":0,"2":0,"3":0},"b":{"0":[0,0],"1":[0,0],"2":[0,0]},"_coverageSchema":"43e27e138ebf9cfc5966b082cf9a028302ed4184","hash":"8ef1b52900dd1f5456e89471ac407e33c341222a"}
,"/Users/yagnesh.modh/Projects/opus_training/src/Todo/todoStatus.js": {"path":"/Users/yagnesh.modh/Projects/opus_training/src/Todo/todoStatus.js","statementMap":{"0":{"start":{"line":4,"column":19},"end":{"line":36,"column":1}},"1":{"start":{"line":5,"column":2},"end":{"line":35,"column":4}},"2":{"start":{"line":11,"column":10},"end":{"line":11,"column":30}},"3":{"start":{"line":20,"column":10},"end":{"line":20,"column":34}},"4":{"start":{"line":29,"column":10},"end":{"line":29,"column":36}},"5":{"start":{"line":38,"column":0},"end":{"line":41,"column":2}}},"fnMap":{"0":{"name":"(anonymous_0)","decl":{"start":{"line":4,"column":19},"end":{"line":4,"column":20}},"loc":{"start":{"line":4,"column":49},"end":{"line":36,"column":1}},"line":4},"1":{"name":"(anonymous_1)","decl":{"start":{"line":10,"column":17},"end":{"line":10,"column":18}},"loc":{"start":{"line":10,"column":23},"end":{"line":12,"column":9}},"line":10},"2":{"name":"(anonymous_2)","decl":{"start":{"line":19,"column":17},"end":{"line":19,"column":18}},"loc":{"start":{"line":19,"column":23},"end":{"line":21,"column":9}},"line":19},"3":{"name":"(anonymous_3)","decl":{"start":{"line":28,"column":17},"end":{"line":28,"column":18}},"loc":{"start":{"line":28,"column":23},"end":{"line":30,"column":9}},"line":28}},"branchMap":{"0":{"loc":{"start":{"line":8,"column":43},"end":{"line":8,"column":77}},"type":"cond-expr","locations":[{"start":{"line":8,"column":62},"end":{"line":8,"column":67}},{"start":{"line":8,"column":70},"end":{"line":8,"column":77}}],"line":8},"1":{"loc":{"start":{"line":17,"column":43},"end":{"line":17,"column":81}},"type":"cond-expr","locations":[{"start":{"line":17,"column":66},"end":{"line":17,"column":71}},{"start":{"line":17,"column":74},"end":{"line":17,"column":81}}],"line":17},"2":{"loc":{"start":{"line":26,"column":43},"end":{"line":26,"column":83}},"type":"cond-expr","locations":[{"start":{"line":26,"column":68},"end":{"line":26,"column":73}},{"start":{"line":26,"column":76},"end":{"line":26,"column":83}}],"line":26}},"s":{"0":1,"1":0,"2":0,"3":0,"4":0,"5":1},"f":{"0":0,"1":0,"2":0,"3":0},"b":{"0":[0,0],"1":[0,0],"2":[0,0]},"_coverageSchema":"43e27e138ebf9cfc5966b082cf9a028302ed4184","hash":"6dff79b82c93a30e187d555b724cd45423b80756"}
}
