TN:
SF:/Users/yagnesh.modh/Projects/opus_training/src/Todo/index.js
FN:7,(anonymous_0)
FN:18,(anonymous_1)
FN:22,(anonymous_2)
FN:32,(anonymous_3)
FN:44,(anonymous_4)
FN:54,(anonymous_5)
FN:66,(anonymous_6)
FN:75,(anonymous_7)
FN:80,(anonymous_8)
FN:81,(anonymous_9)
FN:88,(anonymous_10)
FN:94,(anonymous_11)
FN:98,(anonymous_12)
FN:107,(anonymous_13)
FN:111,(anonymous_14)
FN:115,(anonymous_15)
FN:122,(anonymous_16)
FN:128,(anonymous_17)
FN:131,(anonymous_18)
FN:164,(anonymous_19)
FN:178,(anonymous_20)
FNF:21
FNH:6
FNDA:7,(anonymous_0)
FNDA:7,(anonymous_1)
FNDA:7,(anonymous_2)
FNDA:0,(anonymous_3)
FNDA:0,(anonymous_4)
FNDA:0,(anonymous_5)
FNDA:0,(anonymous_6)
FNDA:0,(anonymous_7)
FNDA:0,(anonymous_8)
FNDA:0,(anonymous_9)
FNDA:0,(anonymous_10)
FNDA:0,(anonymous_11)
FNDA:0,(anonymous_12)
FNDA:0,(anonymous_13)
FNDA:0,(anonymous_14)
FNDA:0,(anonymous_15)
FNDA:0,(anonymous_16)
FNDA:17,(anonymous_17)
FNDA:1,(anonymous_18)
FNDA:1,(anonymous_19)
FNDA:0,(anonymous_20)
DA:8,7
DA:9,7
DA:19,7
DA:22,7
DA:23,7
DA:24,7
DA:25,0
DA:26,0
DA:28,7
DA:32,7
DA:33,0
DA:34,0
DA:43,0
DA:44,0
DA:50,0
DA:54,7
DA:55,0
DA:56,0
DA:64,0
DA:65,0
DA:66,0
DA:67,0
DA:71,0
DA:75,7
DA:76,0
DA:77,0
DA:80,0
DA:81,0
DA:84,0
DA:88,7
DA:89,0
DA:94,7
DA:95,0
DA:98,7
DA:99,0
DA:100,0
DA:101,0
DA:107,7
DA:108,0
DA:111,7
DA:112,0
DA:115,7
DA:116,0
DA:117,0
DA:122,7
DA:123,0
DA:124,0
DA:125,0
DA:129,17
DA:131,17
DA:132,1
DA:133,0
DA:135,1
DA:136,0
DA:138,1
DA:141,17
DA:165,1
DA:178,0
LF:58
LH:24
BRDA:132,0,0,0
BRDA:132,0,1,1
BRDA:135,1,0,0
BRDA:135,1,1,1
BRDA:160,2,0,17
BRDA:160,2,1,9
BRF:6
BRH:4
end_of_record
TN:
SF:/Users/yagnesh.modh/Projects/opus_training/src/Todo/todoForm.js
FN:4,(anonymous_0)
FNF:1
FNH:1
FNDA:4,(anonymous_0)
DA:4,2
DA:5,4
DA:19,2
LF:3
LH:3
BRF:0
BRH:0
end_of_record
TN:
SF:/Users/yagnesh.modh/Projects/opus_training/src/Todo/todoList.js
FN:4,(anonymous_0)
FN:22,(anonymous_1)
FN:40,(anonymous_2)
FN:44,(anonymous_3)
FNF:4
FNH:0
FNDA:0,(anonymous_0)
FNDA:0,(anonymous_1)
FNDA:0,(anonymous_2)
FNDA:0,(anonymous_3)
DA:4,1
DA:13,0
DA:22,0
DA:40,0
DA:44,0
DA:51,1
DA:68,1
LF:7
LH:3
BRDA:23,0,0,0
BRDA:23,0,1,0
BRDA:23,1,0,0
BRDA:23,1,1,0
BRDA:33,2,0,0
BRDA:33,2,1,0
BRF:6
BRH:0
end_of_record
TN:
SF:/Users/yagnesh.modh/Projects/opus_training/src/Todo/todoStatus.js
FN:4,(anonymous_0)
FN:10,(anonymous_1)
FN:19,(anonymous_2)
FN:28,(anonymous_3)
FNF:4
FNH:0
FNDA:0,(anonymous_0)
FNDA:0,(anonymous_1)
FNDA:0,(anonymous_2)
FNDA:0,(anonymous_3)
DA:4,1
DA:5,0
DA:11,0
DA:20,0
DA:29,0
DA:38,1
LF:6
LH:2
BRDA:8,0,0,0
BRDA:8,0,1,0
BRDA:17,1,0,0
BRDA:17,1,1,0
BRDA:26,2,0,0
BRDA:26,2,1,0
BRF:6
BRH:0
end_of_record
